2024-02-28 17:11:37,846 - INFO - data_dir       :	D:\Github\ShanghaiTech\part_A_final
2024-02-28 17:11:37,846 - INFO - dataset        :	sha
2024-02-28 17:11:37,846 - INFO - lr             :	1e-05
2024-02-28 17:11:37,846 - INFO - weight_decay   :	0.0001
2024-02-28 17:11:37,847 - INFO - resume         :	
2024-02-28 17:11:37,847 - INFO - max_epoch      :	4000
2024-02-28 17:11:37,847 - INFO - val_epoch      :	1
2024-02-28 17:11:37,847 - INFO - val_start      :	0
2024-02-28 17:11:37,847 - INFO - batch_size     :	8
2024-02-28 17:11:37,847 - INFO - device         :	0
2024-02-28 17:11:37,848 - INFO - num_workers    :	8
2024-02-28 17:11:37,848 - INFO - crop_size      :	256
2024-02-28 17:11:37,848 - INFO - wot            :	0.1
2024-02-28 17:11:37,848 - INFO - wtv            :	0.01
2024-02-28 17:11:37,848 - INFO - reg            :	10.0
2024-02-28 17:11:37,849 - INFO - num_of_iter_in_ot:	100
2024-02-28 17:11:37,849 - INFO - norm_cood      :	0
2024-02-28 17:11:37,849 - INFO - run_name       :	CCTrans
2024-02-28 17:11:37,849 - INFO - wandb          :	0
2024-02-28 17:11:37,874 - INFO - using 1 gpus
2024-02-28 17:11:39,428 - INFO - random initialization
2024-02-28 17:11:39,454 - INFO - -----Epoch 0/4000-----
2024-02-28 17:12:26,705 - INFO - Epoch 0 Train, Loss: 70.60, OT Loss: -4.30e-07, Wass Distance: 789.78, OT obj value: 98.64, Count Loss: 69.26, TV Loss: 1.34, MSE: 113.50 MAE: 69.26, Cost 47.3 sec
2024-02-28 17:13:07,469 - INFO - Epoch 0 Val, MSE: 364.87 MAE: 246.66, Cost 39.5 sec
2024-02-28 17:13:07,472 - INFO - save best mse 364.87 mae 246.66 model epoch 0
2024-02-28 17:13:07,828 - INFO - -----Epoch 1/4000-----
2024-02-28 17:13:49,147 - INFO - Epoch 1 Train, Loss: 47.24, OT Loss: 4.13e-08, Wass Distance: 796.21, OT obj value: 65.41, Count Loss: 46.06, TV Loss: 1.18, MSE: 96.97 MAE: 46.06, Cost 41.3 sec
2024-02-28 17:14:28,304 - INFO - Epoch 1 Val, MSE: 239.20 MAE: 140.90, Cost 37.9 sec
2024-02-28 17:14:28,307 - INFO - save best mse 239.20 mae 140.90 model epoch 1
2024-02-28 17:14:28,653 - INFO - -----Epoch 2/4000-----
2024-02-28 17:15:10,356 - INFO - Epoch 2 Train, Loss: 38.89, OT Loss: -1.42e-07, Wass Distance: 735.22, OT obj value: 62.04, Count Loss: 37.62, TV Loss: 1.26, MSE: 70.32 MAE: 37.62, Cost 41.7 sec
2024-02-28 17:15:49,684 - INFO - Epoch 2 Val, MSE: 208.26 MAE: 117.30, Cost 38.1 sec
2024-02-28 17:15:49,687 - INFO - save best mse 208.26 mae 117.30 model epoch 2
2024-02-28 17:15:50,038 - INFO - -----Epoch 3/4000-----
2024-02-28 17:16:31,668 - INFO - Epoch 3 Train, Loss: 37.13, OT Loss: 3.58e-08, Wass Distance: 735.57, OT obj value: 56.46, Count Loss: 35.88, TV Loss: 1.25, MSE: 71.92 MAE: 35.88, Cost 41.6 sec
2024-02-28 17:17:10,878 - INFO - Epoch 3 Val, MSE: 199.44 MAE: 121.07, Cost 38.0 sec
2024-02-28 17:17:10,881 - INFO - -----Epoch 4/4000-----
2024-02-28 17:17:52,278 - INFO - Epoch 4 Train, Loss: 33.90, OT Loss: -5.00e-07, Wass Distance: 716.60, OT obj value: 51.22, Count Loss: 32.63, TV Loss: 1.27, MSE: 63.88 MAE: 32.63, Cost 41.4 sec
2024-02-28 17:18:31,359 - INFO - Epoch 4 Val, MSE: 200.48 MAE: 116.45, Cost 37.8 sec
2024-02-28 17:18:31,362 - INFO - save best mse 200.48 mae 116.45 model epoch 4
2024-02-28 17:18:31,810 - INFO - -----Epoch 5/4000-----
2024-02-28 17:19:13,207 - INFO - Epoch 5 Train, Loss: 35.20, OT Loss: 3.71e-07, Wass Distance: 736.61, OT obj value: 51.02, Count Loss: 33.98, TV Loss: 1.21, MSE: 64.63 MAE: 33.98, Cost 41.4 sec
2024-02-28 17:19:52,809 - INFO - Epoch 5 Val, MSE: 146.76 MAE: 81.11, Cost 38.3 sec
2024-02-28 17:19:52,812 - INFO - save best mse 146.76 mae 81.11 model epoch 5
2024-02-28 17:19:53,162 - INFO - -----Epoch 6/4000-----
2024-02-28 17:20:34,530 - INFO - Epoch 6 Train, Loss: 33.00, OT Loss: 1.51e-07, Wass Distance: 727.06, OT obj value: 56.43, Count Loss: 31.77, TV Loss: 1.22, MSE: 60.29 MAE: 31.77, Cost 41.4 sec
2024-02-28 17:21:14,312 - INFO - Epoch 6 Val, MSE: 233.87 MAE: 152.56, Cost 38.5 sec
2024-02-28 17:21:14,315 - INFO - -----Epoch 7/4000-----
2024-02-28 17:21:56,072 - INFO - Epoch 7 Train, Loss: 26.11, OT Loss: 1.44e-07, Wass Distance: 717.93, OT obj value: 48.74, Count Loss: 24.94, TV Loss: 1.17, MSE: 48.39 MAE: 24.94, Cost 41.8 sec
2024-02-28 17:22:35,658 - INFO - Epoch 7 Val, MSE: 142.06 MAE: 79.68, Cost 38.3 sec
2024-02-28 17:22:35,662 - INFO - save best mse 142.06 mae 79.68 model epoch 7
2024-02-28 17:22:36,029 - INFO - -----Epoch 8/4000-----
