2024-02-26 12:48:58,417 - INFO - data_dir       :	D:\Github\ShanghaiTech\part_A_final
2024-02-26 12:48:58,417 - INFO - dataset        :	sha
2024-02-26 12:48:58,417 - INFO - lr             :	1e-05
2024-02-26 12:48:58,417 - INFO - weight_decay   :	0.0001
2024-02-26 12:48:58,417 - INFO - resume         :	
2024-02-26 12:48:58,417 - INFO - max_epoch      :	4000
2024-02-26 12:48:58,418 - INFO - val_epoch      :	1
2024-02-26 12:48:58,418 - INFO - val_start      :	0
2024-02-26 12:48:58,418 - INFO - batch_size     :	8
2024-02-26 12:48:58,418 - INFO - device         :	0
2024-02-26 12:48:58,418 - INFO - num_workers    :	8
2024-02-26 12:48:58,418 - INFO - crop_size      :	256
2024-02-26 12:48:58,419 - INFO - wot            :	0.1
2024-02-26 12:48:58,419 - INFO - wtv            :	0.01
2024-02-26 12:48:58,419 - INFO - reg            :	10.0
2024-02-26 12:48:58,419 - INFO - num_of_iter_in_ot:	100
2024-02-26 12:48:58,419 - INFO - norm_cood      :	0
2024-02-26 12:48:58,420 - INFO - run_name       :	CCTrans
2024-02-26 12:48:58,420 - INFO - wandb          :	0
2024-02-26 12:48:58,449 - INFO - using 1 gpus
2024-02-26 12:49:00,046 - INFO - random initialization
2024-02-26 12:49:00,073 - INFO - -----Epoch 0/4000-----
