2024-02-27 23:23:44,029 - INFO - data_dir       :	D:\Github\ShanghaiTech\part_A_final
2024-02-27 23:23:44,030 - INFO - dataset        :	sha
2024-02-27 23:23:44,030 - INFO - lr             :	1e-05
2024-02-27 23:23:44,030 - INFO - weight_decay   :	0.0001
2024-02-27 23:23:44,030 - INFO - resume         :	
2024-02-27 23:23:44,030 - INFO - max_epoch      :	4000
2024-02-27 23:23:44,030 - INFO - val_epoch      :	1
2024-02-27 23:23:44,030 - INFO - val_start      :	0
2024-02-27 23:23:44,032 - INFO - batch_size     :	8
2024-02-27 23:23:44,032 - INFO - device         :	0
2024-02-27 23:23:44,033 - INFO - num_workers    :	8
2024-02-27 23:23:44,033 - INFO - crop_size      :	256
2024-02-27 23:23:44,033 - INFO - wot            :	0.1
2024-02-27 23:23:44,033 - INFO - wtv            :	0.01
2024-02-27 23:23:44,033 - INFO - reg            :	10.0
2024-02-27 23:23:44,034 - INFO - num_of_iter_in_ot:	100
2024-02-27 23:23:44,034 - INFO - norm_cood      :	0
2024-02-27 23:23:44,034 - INFO - run_name       :	CCTrans
2024-02-27 23:23:44,034 - INFO - wandb          :	0
2024-02-27 23:23:44,079 - INFO - using 1 gpus
2024-02-27 23:23:49,904 - INFO - random initialization
2024-02-27 23:23:50,039 - INFO - -----Epoch 0/4000-----
