2023-12-27 15:58:29,375 - INFO - data_dir       :	D:\Github\ShanghaiTech\part_A_final
2023-12-27 15:58:29,375 - INFO - dataset        :	sha
2023-12-27 15:58:29,375 - INFO - lr             :	1e-05
2023-12-27 15:58:29,375 - INFO - weight_decay   :	0.0001
2023-12-27 15:58:29,375 - INFO - resume         :	
2023-12-27 15:58:29,375 - INFO - max_epoch      :	4000
2023-12-27 15:58:29,376 - INFO - val_epoch      :	1
2023-12-27 15:58:29,376 - INFO - val_start      :	0
2023-12-27 15:58:29,376 - INFO - batch_size     :	8
2023-12-27 15:58:29,376 - INFO - device         :	0
2023-12-27 15:58:29,376 - INFO - num_workers    :	8
2023-12-27 15:58:29,376 - INFO - crop_size      :	256
2023-12-27 15:58:29,377 - INFO - wot            :	0.1
2023-12-27 15:58:29,377 - INFO - wtv            :	0.01
2023-12-27 15:58:29,377 - INFO - reg            :	10.0
2023-12-27 15:58:29,377 - INFO - num_of_iter_in_ot:	100
2023-12-27 15:58:29,378 - INFO - norm_cood      :	0
2023-12-27 15:58:29,378 - INFO - run_name       :	CCTrans
2023-12-27 15:58:29,378 - INFO - wandb          :	0
2023-12-27 15:58:29,397 - INFO - using 1 gpus
2023-12-27 15:58:32,952 - INFO - random initialization
2023-12-27 15:58:32,978 - INFO - -----Epoch 0/4000-----
