2024-02-21 18:50:45,433 - INFO - data_dir       :	D:\Github\ShanghaiTech\part_A_final
2024-02-21 18:50:45,433 - INFO - dataset        :	sha
2024-02-21 18:50:45,433 - INFO - lr             :	1e-05
2024-02-21 18:50:45,433 - INFO - weight_decay   :	0.0001
2024-02-21 18:50:45,433 - INFO - resume         :	
2024-02-21 18:50:45,433 - INFO - max_epoch      :	4000
2024-02-21 18:50:45,433 - INFO - val_epoch      :	1
2024-02-21 18:50:45,434 - INFO - val_start      :	0
2024-02-21 18:50:45,434 - INFO - batch_size     :	8
2024-02-21 18:50:45,434 - INFO - device         :	0
2024-02-21 18:50:45,434 - INFO - num_workers    :	8
2024-02-21 18:50:45,435 - INFO - crop_size      :	256
2024-02-21 18:50:45,435 - INFO - wot            :	0.1
2024-02-21 18:50:45,435 - INFO - wtv            :	0.01
2024-02-21 18:50:45,435 - INFO - reg            :	10.0
2024-02-21 18:50:45,436 - INFO - num_of_iter_in_ot:	100
2024-02-21 18:50:45,436 - INFO - norm_cood      :	0
2024-02-21 18:50:45,436 - INFO - run_name       :	CCTrans
2024-02-21 18:50:45,436 - INFO - wandb          :	0
2024-02-21 18:50:45,464 - INFO - using 1 gpus
2024-02-21 18:50:46,894 - INFO - random initialization
2024-02-21 18:50:46,919 - INFO - -----Epoch 0/4000-----
