2023-12-27 15:32:42,002 - INFO - data_dir       :	D:\Github\ShanghaiTech\part_A_final
2023-12-27 15:32:42,002 - INFO - dataset        :	sha
2023-12-27 15:32:42,002 - INFO - lr             :	1e-05
2023-12-27 15:32:42,002 - INFO - weight_decay   :	0.0001
2023-12-27 15:32:42,002 - INFO - resume         :	
2023-12-27 15:32:42,003 - INFO - max_epoch      :	4000
2023-12-27 15:32:42,003 - INFO - val_epoch      :	1
2023-12-27 15:32:42,003 - INFO - val_start      :	0
2023-12-27 15:32:42,003 - INFO - batch_size     :	8
2023-12-27 15:32:42,003 - INFO - device         :	0
2023-12-27 15:32:42,003 - INFO - num_workers    :	8
2023-12-27 15:32:42,003 - INFO - crop_size      :	256
2023-12-27 15:32:42,004 - INFO - wot            :	0.1
2023-12-27 15:32:42,004 - INFO - wtv            :	0.01
2023-12-27 15:32:42,004 - INFO - reg            :	10.0
2023-12-27 15:32:42,004 - INFO - num_of_iter_in_ot:	100
2023-12-27 15:32:42,005 - INFO - norm_cood      :	0
2023-12-27 15:32:42,005 - INFO - run_name       :	CCTrans
2023-12-27 15:32:42,005 - INFO - wandb          :	0
2023-12-27 15:32:42,030 - INFO - using 1 gpus
