2024-02-26 13:11:30,987 - INFO - data_dir       :	D:\Github\ShanghaiTech\part_A_final
2024-02-26 13:11:30,987 - INFO - dataset        :	sha
2024-02-26 13:11:30,987 - INFO - lr             :	1e-05
2024-02-26 13:11:30,987 - INFO - weight_decay   :	0.0001
2024-02-26 13:11:30,987 - INFO - resume         :	
2024-02-26 13:11:30,987 - INFO - max_epoch      :	4000
2024-02-26 13:11:30,988 - INFO - val_epoch      :	1
2024-02-26 13:11:30,988 - INFO - val_start      :	0
2024-02-26 13:11:30,988 - INFO - batch_size     :	8
2024-02-26 13:11:30,988 - INFO - device         :	0
2024-02-26 13:11:30,988 - INFO - num_workers    :	8
2024-02-26 13:11:30,988 - INFO - crop_size      :	256
2024-02-26 13:11:30,989 - INFO - wot            :	0.1
2024-02-26 13:11:30,989 - INFO - wtv            :	0.01
2024-02-26 13:11:30,989 - INFO - reg            :	10.0
2024-02-26 13:11:30,989 - INFO - num_of_iter_in_ot:	100
2024-02-26 13:11:30,989 - INFO - norm_cood      :	0
2024-02-26 13:11:30,990 - INFO - run_name       :	CCTrans
2024-02-26 13:11:30,990 - INFO - wandb          :	0
2024-02-26 13:11:31,016 - INFO - using 1 gpus
2024-02-26 13:11:32,572 - INFO - random initialization
2024-02-26 13:11:32,596 - INFO - -----Epoch 0/4000-----
