2024-02-27 23:55:26,209 - INFO - data_dir       :	D:\Github\ShanghaiTech\part_A_final
2024-02-27 23:55:26,209 - INFO - dataset        :	sha
2024-02-27 23:55:26,209 - INFO - lr             :	1e-05
2024-02-27 23:55:26,209 - INFO - weight_decay   :	0.0001
2024-02-27 23:55:26,209 - INFO - resume         :	
2024-02-27 23:55:26,209 - INFO - max_epoch      :	4000
2024-02-27 23:55:26,210 - INFO - val_epoch      :	1
2024-02-27 23:55:26,210 - INFO - val_start      :	0
2024-02-27 23:55:26,210 - INFO - batch_size     :	8
2024-02-27 23:55:26,210 - INFO - device         :	0
2024-02-27 23:55:26,210 - INFO - num_workers    :	8
2024-02-27 23:55:26,210 - INFO - crop_size      :	256
2024-02-27 23:55:26,211 - INFO - wot            :	0.1
2024-02-27 23:55:26,211 - INFO - wtv            :	0.01
2024-02-27 23:55:26,211 - INFO - reg            :	10.0
2024-02-27 23:55:26,211 - INFO - num_of_iter_in_ot:	100
2024-02-27 23:55:26,211 - INFO - norm_cood      :	0
2024-02-27 23:55:26,212 - INFO - run_name       :	CCTrans
2024-02-27 23:55:26,212 - INFO - wandb          :	0
2024-02-27 23:55:26,250 - INFO - using 1 gpus
2024-02-27 23:55:29,311 - INFO - random initialization
2024-02-27 23:55:29,340 - INFO - -----Epoch 0/4000-----
