2024-02-21 21:25:59,016 - INFO - data_dir       :	D:\Github\ShanghaiTech\part_A_final
2024-02-21 21:25:59,016 - INFO - dataset        :	sha
2024-02-21 21:25:59,017 - INFO - lr             :	1e-05
2024-02-21 21:25:59,017 - INFO - weight_decay   :	0.0001
2024-02-21 21:25:59,017 - INFO - resume         :	
2024-02-21 21:25:59,017 - INFO - max_epoch      :	4000
2024-02-21 21:25:59,017 - INFO - val_epoch      :	1
2024-02-21 21:25:59,017 - INFO - val_start      :	0
2024-02-21 21:25:59,017 - INFO - batch_size     :	8
2024-02-21 21:25:59,017 - INFO - device         :	0
2024-02-21 21:25:59,018 - INFO - num_workers    :	8
2024-02-21 21:25:59,018 - INFO - crop_size      :	256
2024-02-21 21:25:59,018 - INFO - wot            :	0.1
2024-02-21 21:25:59,018 - INFO - wtv            :	0.01
2024-02-21 21:25:59,018 - INFO - reg            :	10.0
2024-02-21 21:25:59,018 - INFO - num_of_iter_in_ot:	100
2024-02-21 21:25:59,018 - INFO - norm_cood      :	0
2024-02-21 21:25:59,018 - INFO - run_name       :	CCTrans
2024-02-21 21:25:59,019 - INFO - wandb          :	0
2024-02-21 21:25:59,045 - INFO - using 1 gpus
